2022-03-10, 13:21:09 | ERROR:   SavePushed(app, event): User tried to save empty function.
2022-03-10, 13:21:09 | INFO:    SavePushed(app, event): Function Function 1 saved succefully.
2022-03-10, 13:21:09 | INFO:    RefreshFunctionList(app): Function list was refreshed successfully.
2022-03-10, 13:23:37 | INFO:    SpinnerValueChanged(app, event): Number of points was incremented to value: 1
2022-03-10, 13:23:41 | INFO:    SpinnerValueChanged(app, event): Number of points was incremented to value: 2
2022-03-10, 13:23:43 | INFO:    SpinnerValueChanged(app, event): Number of points was decremented to value: 1
2022-03-10, 13:23:45 | INFO:    SpinnerValueChanged(app, event): Number of points was decremented to value: 0
2022-03-10, 13:23:46 | INFO:    Axes was cleared sucesfully.
2022-03-10, 13:24:15 | INFO:    App prompt reset succesfully.
2022-03-10, 13:24:15 | INFO:    Axes was cleared sucesfully.
2022-03-10, 13:24:15 | INFO:    RefreshFunctionList(app): Function list was refreshed successfully.
2022-03-10, 13:24:16 | INFO:    PlotCurrentFunction(app): Current function plotted succesfully.
2022-03-10, 13:24:16 | INFO:    ImportDataButtonPushed(app, event): Data imported successfully.
2022-03-10, 13:24:35 | INFO:    SavePushed(app, event): Function Function 1 overwrited succefully.
2022-03-10, 13:24:35 | INFO:    RefreshFunctionList(app): Function list was refreshed successfully.
2022-03-10, 13:25:02 | INFO:    App prompt reset succesfully.
2022-03-10, 13:25:02 | INFO:    Axes was cleared sucesfully.
2022-03-10, 13:25:02 | INFO:    RefreshFunctionList(app): Function list was refreshed successfully.
2022-03-10, 13:25:02 | INFO:    PlotCurrentFunction(app): Current function plotted succesfully.
2022-03-10, 13:25:02 | INFO:    DegreeValuePushed(app, event): Regression degree changed to: 2
2022-03-10, 13:25:06 | INFO:    App prompt reset succesfully.
2022-03-10, 13:25:06 | INFO:    Axes was cleared sucesfully.
2022-03-10, 13:25:06 | INFO:    RefreshFunctionList(app): Function list was refreshed successfully.
2022-03-10, 13:25:06 | INFO:    PlotCurrentFunction(app): Current function plotted succesfully.
2022-03-10, 13:25:06 | INFO:    DegreeValuePushed(app, event): Regression degree changed to: 5
2022-03-10, 13:25:12 | INFO:    App prompt reset succesfully.
2022-03-10, 13:25:12 | INFO:    Axes was cleared sucesfully.
2022-03-10, 13:25:12 | INFO:    RefreshFunctionList(app): Function list was refreshed successfully.
2022-03-10, 13:26:05 | INFO:    App prompt reset succesfully.
2022-03-10, 13:26:05 | INFO:    Axes was cleared sucesfully.
2022-03-10, 13:26:05 | INFO:    RefreshFunctionList(app): Function list was refreshed successfully.
2022-03-10, 13:26:05 | INFO:    PlotCurrentFunction(app): Current function plotted succesfully.
2022-03-10, 13:26:05 | INFO:    DegreeValuePushed(app, event): Regression degree changed to: 1
2022-03-10, 13:27:07 | INFO:    Axes was cleared sucesfully.
2022-03-10, 13:27:07 | INFO:    NextButtonPushed(app, event): New function initialized seccesfully.
2022-03-10, 13:27:27 | INFO:    App prompt reset succesfully.
2022-03-10, 13:27:27 | INFO:    Axes was cleared sucesfully.
2022-03-10, 13:27:27 | INFO:    RefreshFunctionList(app): Function list was refreshed successfully.
2022-03-10, 13:27:27 | INFO:    PlotCurrentFunction(app): Current function plotted succesfully.
2022-03-10, 13:27:27 | INFO:    ImportDataButtonPushed(app, event): Data imported successfully.
2022-03-10, 13:27:51 | INFO:    App prompt reset succesfully.
2022-03-10, 13:27:51 | INFO:    Axes was cleared sucesfully.
2022-03-10, 13:27:51 | INFO:    RefreshFunctionList(app): Function list was refreshed successfully.
2022-03-10, 13:27:51 | INFO:    PlotCurrentFunction(app): Current function plotted succesfully.
2022-03-10, 13:27:51 | INFO:    DegreeValuePushed(app, event): Regression degree changed to: 2
2022-03-10, 13:43:28 | INFO:    ---[ SESSION STARTED ]---
2022-03-10, 13:43:35 | ERROR:   SavePushed(app, event): User tried to save empty function.
2022-03-10, 13:43:48 | INFO:    App prompt reset succesfully.
2022-03-10, 13:43:48 | INFO:    Axes was cleared sucesfully.
2022-03-10, 13:43:48 | INFO:    RefreshFunctionList(app): Function database is empty. Nothing to show.
2022-03-10, 13:43:48 | INFO:    PlotCurrentFunction(app): Current function plotted succesfully.
2022-03-10, 13:43:48 | INFO:    ImportDataButtonPushed(app, event): Data imported successfully.
2022-03-10, 13:44:26 | INFO:    ---[ SESSION ENDED ]---
2022-03-10, 16:43:47 | INFO:    ---[ SESSION STARTED ]---
2022-03-10, 16:44:35 | INFO:    App prompt reset succesfully.
2022-03-10, 16:44:35 | INFO:    Axes was cleared sucesfully.
2022-03-10, 16:44:35 | INFO:    RefreshFunctionList(app): Function database is empty. Nothing to show.
2022-03-10, 16:44:35 | INFO:    PlotCurrentFunction(app): Current function plotted succesfully.
2022-03-10, 16:44:35 | INFO:    ImportDataButtonPushed(app, event): Data imported successfully.
2022-03-10, 16:44:47 | INFO:    SavePushed(app, event): Function Function 1 saved succefully.
2022-03-10, 16:44:47 | INFO:    RefreshFunctionList(app): Function list was refreshed successfully.
2022-03-10, 16:44:49 | INFO:    Axes was cleared sucesfully.
2022-03-10, 16:44:49 | INFO:    NextButtonPushed(app, event): New function initialized seccesfully.
2022-03-10, 16:45:04 | INFO:    App prompt reset succesfully.
2022-03-10, 16:45:04 | INFO:    Axes was cleared sucesfully.
2022-03-10, 16:45:04 | INFO:    RefreshFunctionList(app): Function list was refreshed successfully.
2022-03-10, 16:45:04 | INFO:    PlotCurrentFunction(app): Current function plotted succesfully.
2022-03-10, 16:45:04 | INFO:    ImportDataButtonPushed(app, event): Data imported successfully.
2022-03-10, 16:45:22 | INFO:    App prompt reset succesfully.
2022-03-10, 16:45:22 | INFO:    Axes was cleared sucesfully.
2022-03-10, 16:45:22 | INFO:    RefreshFunctionList(app): Function list was refreshed successfully.
2022-03-10, 16:45:22 | INFO:    PlotCurrentFunction(app): Current function plotted succesfully.
2022-03-10, 16:45:22 | INFO:    DegreeValuePushed(app, event): Regression degree changed to: 2
2022-03-10, 16:45:43 | INFO:    SavePushed(app, event): Function Function 2 saved succefully.
2022-03-10, 16:45:43 | INFO:    RefreshFunctionList(app): Function list was refreshed successfully.
2022-03-10, 16:45:46 | INFO:    Axes was cleared sucesfully.
2022-03-10, 16:45:46 | INFO:    NextButtonPushed(app, event): New function initialized seccesfully.
2022-03-10, 16:46:05 | INFO:    App prompt reset succesfully.
2022-03-10, 16:46:05 | INFO:    Axes was cleared sucesfully.
2022-03-10, 16:46:05 | INFO:    RefreshFunctionList(app): Function list was refreshed successfully.
2022-03-10, 16:46:05 | INFO:    PlotCurrentFunction(app): Current function plotted succesfully.
2022-03-10, 16:46:05 | INFO:    ImportDataButtonPushed(app, event): Data imported successfully.
2022-03-10, 16:46:23 | INFO:    App prompt reset succesfully.
2022-03-10, 16:46:23 | INFO:    Axes was cleared sucesfully.
2022-03-10, 16:46:23 | INFO:    RefreshFunctionList(app): Function list was refreshed successfully.
2022-03-10, 16:46:23 | INFO:    PlotCurrentFunction(app): Current function plotted succesfully.
2022-03-10, 16:46:23 | INFO:    DegreeValuePushed(app, event): Regression degree changed to: 5
2022-03-10, 16:46:28 | INFO:    SavePushed(app, event): Function Function 3 saved succefully.
2022-03-10, 16:46:28 | INFO:    RefreshFunctionList(app): Function list was refreshed successfully.
2022-03-10, 16:47:42 | INFO:    App prompt reset succesfully.
2022-03-10, 16:47:42 | INFO:    Axes was cleared sucesfully.
2022-03-10, 16:47:42 | INFO:    RefreshFunctionList(app): Function list was refreshed successfully.
2022-03-10, 16:47:43 | INFO:    PlotCurrentFunction(app): Current function plotted succesfully.
2022-03-10, 17:17:08 | INFO:    ---[ SESSION STARTED ]---
2022-03-10, 17:17:47 | INFO:    App prompt reset succesfully.
2022-03-10, 17:17:47 | INFO:    Axes was cleared sucesfully.
2022-03-10, 17:17:47 | INFO:    RefreshFunctionList(app): Function database is empty. Nothing to show.
2022-03-10, 17:17:47 | INFO:    PlotCurrentFunction(app): Current function plotted succesfully.
2022-03-10, 17:17:47 | INFO:    ImportDataButtonPushed(app, event): Data imported successfully.
2022-03-10, 17:18:07 | INFO:    SavePushed(app, event): Function Function 1 saved succefully.
2022-03-10, 17:18:07 | INFO:    RefreshFunctionList(app): Function list was refreshed successfully.
2022-03-10, 17:18:31 | INFO:    Axes was cleared sucesfully.
2022-03-10, 17:18:31 | INFO:    NextButtonPushed(app, event): New function initialized seccesfully.
2022-03-10, 17:18:53 | INFO:    App prompt reset succesfully.
2022-03-10, 17:18:53 | INFO:    Axes was cleared sucesfully.
2022-03-10, 17:18:53 | INFO:    RefreshFunctionList(app): Function list was refreshed successfully.
2022-03-10, 17:18:53 | INFO:    PlotCurrentFunction(app): Current function plotted succesfully.
2022-03-10, 17:18:53 | INFO:    ImportDataButtonPushed(app, event): Data imported successfully.
2022-03-10, 17:19:08 | INFO:    App prompt reset succesfully.
2022-03-10, 17:19:08 | INFO:    Axes was cleared sucesfully.
2022-03-10, 17:19:08 | INFO:    RefreshFunctionList(app): Function list was refreshed successfully.
2022-03-10, 17:19:08 | INFO:    PlotCurrentFunction(app): Current function plotted succesfully.
2022-03-10, 17:19:08 | INFO:    DegreeValuePushed(app, event): Regression degree changed to: 2
2022-03-10, 17:19:57 | INFO:    SavePushed(app, event): Function Function 2 saved succefully.
2022-03-10, 17:19:57 | INFO:    RefreshFunctionList(app): Function list was refreshed successfully.
2022-03-10, 17:20:00 | INFO:    Axes was cleared sucesfully.
2022-03-10, 17:20:00 | INFO:    NextButtonPushed(app, event): New function initialized seccesfully.
2022-03-10, 17:20:12 | INFO:    App prompt reset succesfully.
2022-03-10, 17:20:12 | INFO:    Axes was cleared sucesfully.
2022-03-10, 17:20:12 | INFO:    RefreshFunctionList(app): Function list was refreshed successfully.
2022-03-10, 17:20:12 | INFO:    PlotCurrentFunction(app): Current function plotted succesfully.
2022-03-10, 17:20:12 | INFO:    ImportDataButtonPushed(app, event): Data imported successfully.
2022-03-10, 17:20:16 | INFO:    App prompt reset succesfully.
2022-03-10, 17:20:16 | INFO:    Axes was cleared sucesfully.
2022-03-10, 17:20:16 | INFO:    RefreshFunctionList(app): Function list was refreshed successfully.
2022-03-10, 17:20:16 | INFO:    PlotCurrentFunction(app): Current function plotted succesfully.
2022-03-10, 17:20:16 | INFO:    DegreeValuePushed(app, event): Regression degree changed to: 5
2022-03-10, 17:20:17 | INFO:    SavePushed(app, event): Function Function 3 saved succefully.
2022-03-10, 17:20:17 | INFO:    RefreshFunctionList(app): Function list was refreshed successfully.
2022-03-10, 17:20:20 | INFO:    PreviousButtonPushed(app, event): Function Function 2 loaded succesfully.
2022-03-10, 17:20:20 | INFO:    App prompt reset succesfully.
2022-03-10, 17:20:20 | INFO:    Axes was cleared sucesfully.
2022-03-10, 17:20:20 | INFO:    RefreshFunctionList(app): Function list was refreshed successfully.
2022-03-10, 17:20:20 | INFO:    PlotCurrentFunction(app): Current function plotted succesfully.
2022-03-10, 17:20:27 | INFO:    Axes was cleared sucesfully.
2022-03-10, 17:21:28 | INFO:    PreviousButtonPushed(app, event): Function Function 1 loaded succesfully.
2022-03-10, 17:21:28 | INFO:    App prompt reset succesfully.
2022-03-10, 17:21:28 | INFO:    Axes was cleared sucesfully.
2022-03-10, 17:21:28 | INFO:    RefreshFunctionList(app): Function list was refreshed successfully.
2022-03-10, 17:21:28 | INFO:    PlotCurrentFunction(app): Current function plotted succesfully.
2022-03-10, 17:21:30 | INFO:    Axes was cleared sucesfully.
2022-03-10, 17:21:48 | INFO:    ---[ SESSION STARTED ]---
2022-03-10, 17:22:07 | ERROR:   SavePushed(app, event): User tried to save empty function.
2022-03-10, 17:23:34 | INFO:    ---[ SESSION ENDED ]---
2022-03-10, 17:23:36 | INFO:    ---[ SESSION STARTED ]---
2022-03-10, 17:23:43 | ERROR:   SavePushed(app, event): User tried to save empty function.
2022-03-10, 17:25:06 | INFO:    ---[ SESSION ENDED ]---
2022-03-10, 17:25:09 | INFO:    ---[ SESSION STARTED ]---
2022-03-10, 17:25:20 | ERROR:   SavePushed(app, event): User tried to save empty function.
2022-03-10, 17:25:22 | WARNING: DeletePush(app, event): Atempt to delete selected function failed due to the current function is unsaved.
2022-03-10, 17:25:37 | INFO:    App prompt reset succesfully.
2022-03-10, 17:25:37 | INFO:    Axes was cleared sucesfully.
2022-03-10, 17:25:37 | INFO:    RefreshFunctionList(app): Function database is empty. Nothing to show.
2022-03-10, 17:25:37 | INFO:    PlotCurrentFunction(app): Current function plotted succesfully.
2022-03-10, 17:25:37 | INFO:    ImportDataButtonPushed(app, event): Data imported successfully.
2022-03-10, 17:26:11 | INFO:    SavePushed(app, event): Function Function 1 saved succefully.
2022-03-10, 17:26:11 | INFO:    RefreshFunctionList(app): Function list was refreshed successfully.
2022-03-10, 17:26:24 | INFO:    Axes was cleared sucesfully.
2022-03-10, 17:26:24 | INFO:    NextButtonPushed(app, event): New function initialized seccesfully.
2022-03-10, 17:26:33 | INFO:    App prompt reset succesfully.
2022-03-10, 17:26:33 | INFO:    Axes was cleared sucesfully.
2022-03-10, 17:26:33 | INFO:    RefreshFunctionList(app): Function list was refreshed successfully.
2022-03-10, 17:26:33 | INFO:    PlotCurrentFunction(app): Current function plotted succesfully.
2022-03-10, 17:26:33 | INFO:    ImportDataButtonPushed(app, event): Data imported successfully.
2022-03-10, 17:26:37 | INFO:    App prompt reset succesfully.
2022-03-10, 17:26:37 | INFO:    Axes was cleared sucesfully.
2022-03-10, 17:26:37 | INFO:    RefreshFunctionList(app): Function list was refreshed successfully.
2022-03-10, 17:26:37 | INFO:    PlotCurrentFunction(app): Current function plotted succesfully.
2022-03-10, 17:26:37 | INFO:    DegreeValuePushed(app, event): Regression degree changed to: 5
2022-03-10, 17:26:39 | INFO:    SavePushed(app, event): Function Function 2 saved succefully.
2022-03-10, 17:26:39 | INFO:    RefreshFunctionList(app): Function list was refreshed successfully.
2022-03-10, 17:26:40 | INFO:    Axes was cleared sucesfully.
2022-03-10, 17:26:40 | INFO:    DeletePushed(app, event): Function Function 2 was deleted successfully.
2022-03-10, 17:26:52 | INFO:    App prompt reset succesfully.
2022-03-10, 17:26:52 | INFO:    Axes was cleared sucesfully.
2022-03-10, 17:26:52 | INFO:    RefreshFunctionList(app): Function list was refreshed successfully.
2022-03-10, 17:26:52 | INFO:    PlotCurrentFunction(app): Current function plotted succesfully.
2022-03-10, 17:26:52 | INFO:    ImportDataButtonPushed(app, event): Data imported successfully.
2022-03-10, 17:27:09 | INFO:    PreviousButtonPushed(app, event): Function Function 1 loaded succesfully.
2022-03-10, 17:27:09 | INFO:    App prompt reset succesfully.
2022-03-10, 17:27:09 | INFO:    Axes was cleared sucesfully.
2022-03-10, 17:27:09 | INFO:    RefreshFunctionList(app): Function list was refreshed successfully.
2022-03-10, 17:27:09 | INFO:    PlotCurrentFunction(app): Current function plotted succesfully.
2022-03-10, 17:27:11 | INFO:    Axes was cleared sucesfully.
2022-03-10, 17:27:11 | INFO:    NextButtonPushed(app, event): New function initialized seccesfully.
2022-03-10, 17:27:13 | INFO:    PreviousButtonPushed(app, event): Function Function 1 loaded succesfully.
2022-03-10, 17:27:13 | INFO:    App prompt reset succesfully.
2022-03-10, 17:27:13 | INFO:    Axes was cleared sucesfully.
2022-03-10, 17:27:13 | INFO:    RefreshFunctionList(app): Function list was refreshed successfully.
2022-03-10, 17:27:13 | INFO:    PlotCurrentFunction(app): Current function plotted succesfully.
2022-03-10, 17:27:16 | INFO:    Axes was cleared sucesfully.
2022-03-10, 17:27:16 | INFO:    NextButtonPushed(app, event): New function initialized seccesfully.
2022-03-10, 17:27:29 | INFO:    App prompt reset succesfully.
2022-03-10, 17:27:29 | INFO:    Axes was cleared sucesfully.
2022-03-10, 17:27:29 | INFO:    RefreshFunctionList(app): Function list was refreshed successfully.
2022-03-10, 17:27:29 | INFO:    PlotCurrentFunction(app): Current function plotted succesfully.
2022-03-10, 17:27:29 | INFO:    ImportDataButtonPushed(app, event): Data imported successfully.
2022-03-10, 17:27:33 | INFO:    SavePushed(app, event): Function Function 2 saved succefully.
2022-03-10, 17:27:33 | INFO:    RefreshFunctionList(app): Function list was refreshed successfully.
2022-03-10, 17:27:36 | INFO:    Axes was cleared sucesfully.
2022-03-10, 17:27:36 | INFO:    NextButtonPushed(app, event): New function initialized seccesfully.
2022-03-10, 17:27:45 | INFO:    App prompt reset succesfully.
2022-03-10, 17:27:45 | INFO:    Axes was cleared sucesfully.
2022-03-10, 17:27:45 | INFO:    RefreshFunctionList(app): Function list was refreshed successfully.
2022-03-10, 17:27:45 | INFO:    PlotCurrentFunction(app): Current function plotted succesfully.
2022-03-10, 17:27:45 | INFO:    ImportDataButtonPushed(app, event): Data imported successfully.
2022-03-10, 17:27:48 | INFO:    SavePushed(app, event): Function Function 3 saved succefully.
2022-03-10, 17:27:48 | INFO:    RefreshFunctionList(app): Function list was refreshed successfully.
2022-03-10, 17:27:52 | INFO:    PreviousButtonPushed(app, event): Function Function 2 loaded succesfully.
2022-03-10, 17:27:52 | INFO:    App prompt reset succesfully.
2022-03-10, 17:27:52 | INFO:    Axes was cleared sucesfully.
2022-03-10, 17:27:52 | INFO:    RefreshFunctionList(app): Function list was refreshed successfully.
2022-03-10, 17:27:52 | INFO:    PlotCurrentFunction(app): Current function plotted succesfully.
2022-03-10, 17:27:55 | INFO:    Axes was cleared sucesfully.
2022-03-10, 17:27:55 | INFO:    NextButtonPushed(app, event): Function Function 3 loaded succesfully.
2022-03-10, 17:27:55 | INFO:    App prompt reset succesfully.
2022-03-10, 17:27:55 | INFO:    Axes was cleared sucesfully.
2022-03-10, 17:27:55 | INFO:    RefreshFunctionList(app): Function list was refreshed successfully.
2022-03-10, 17:27:55 | INFO:    PlotCurrentFunction(app): Current function plotted succesfully.
2022-03-10, 17:27:58 | INFO:    App prompt reset succesfully.
2022-03-10, 17:27:58 | INFO:    Axes was cleared sucesfully.
2022-03-10, 17:27:58 | INFO:    RefreshFunctionList(app): Function list was refreshed successfully.
2022-03-10, 17:27:58 | INFO:    PlotCurrentFunction(app): Current function plotted succesfully.
2022-03-10, 17:27:58 | INFO:    DegreeValuePushed(app, event): Regression degree changed to: 5
2022-03-10, 17:27:59 | INFO:    SavePushed(app, event): Function Function 3 overwrited succefully.
2022-03-10, 17:27:59 | INFO:    RefreshFunctionList(app): Function list was refreshed successfully.
2022-03-10, 17:28:04 | INFO:    PreviousButtonPushed(app, event): Function Function 2 loaded succesfully.
2022-03-10, 17:28:04 | INFO:    App prompt reset succesfully.
2022-03-10, 17:28:04 | INFO:    Axes was cleared sucesfully.
2022-03-10, 17:28:04 | INFO:    RefreshFunctionList(app): Function list was refreshed successfully.
2022-03-10, 17:28:04 | INFO:    PlotCurrentFunction(app): Current function plotted succesfully.
2022-03-10, 17:28:08 | INFO:    App prompt reset succesfully.
2022-03-10, 17:28:08 | INFO:    Axes was cleared sucesfully.
2022-03-10, 17:28:08 | INFO:    RefreshFunctionList(app): Function list was refreshed successfully.
2022-03-10, 17:28:08 | INFO:    PlotCurrentFunction(app): Current function plotted succesfully.
2022-03-10, 17:28:08 | INFO:    DegreeValuePushed(app, event): Regression degree changed to: 2
2022-03-10, 17:28:11 | INFO:    SavePushed(app, event): Function Function 2 overwrited succefully.
2022-03-10, 17:28:11 | INFO:    RefreshFunctionList(app): Function list was refreshed successfully.
2022-03-10, 17:28:14 | INFO:    FunctionsButtonGroupSelectionChanged(app, event): Global show functions option has changed to 'show all functions'.
2022-03-10, 17:28:14 | INFO:    App prompt reset succesfully.
2022-03-10, 17:28:14 | INFO:    Axes was cleared sucesfully.
2022-03-10, 17:28:14 | INFO:    RefreshFunctionList(app): Function list was refreshed successfully.
2022-03-10, 17:28:14 | INFO:    PlotCurrentFunction(app): Current function plotted succesfully.
2022-03-10, 17:28:14 | INFO:    PlotData(app): Function Function 1plotted succesfully.
2022-03-10, 17:28:14 | INFO:    PlotData(app): Function Function 2plotted succesfully.
2022-03-10, 17:28:14 | INFO:    PlotData(app): Function Function 3plotted succesfully.
2022-03-10, 17:28:25 | INFO:    FunctionsButtonGroupSelectionChanged(app, event): Global show functions option has changed to 'show only current function'.
2022-03-10, 17:28:25 | INFO:    App prompt reset succesfully.
2022-03-10, 17:28:25 | INFO:    Axes was cleared sucesfully.
2022-03-10, 17:28:25 | INFO:    RefreshFunctionList(app): Function list was refreshed successfully.
2022-03-10, 17:28:25 | INFO:    PlotCurrentFunction(app): Current function plotted succesfully.
2022-03-10, 17:28:38 | INFO:    Axes was cleared sucesfully.
2022-03-10, 17:28:38 | INFO:    DeletePushed(app, event): Function Function 2 was deleted successfully.
2022-03-10, 17:28:52 | INFO:    PreviousButtonPushed(app, event): Function Function 1 loaded succesfully.
2022-03-10, 17:28:52 | INFO:    App prompt reset succesfully.
2022-03-10, 17:28:52 | INFO:    Axes was cleared sucesfully.
2022-03-10, 17:28:52 | INFO:    RefreshFunctionList(app): Function list was refreshed successfully.
2022-03-10, 17:28:52 | INFO:    PlotCurrentFunction(app): Current function plotted succesfully.
2022-03-10, 17:28:54 | INFO:    Axes was cleared sucesfully.
2022-03-10, 17:28:54 | INFO:    NextButtonPushed(app, event): Function Function 3 loaded succesfully.
2022-03-10, 17:28:54 | INFO:    App prompt reset succesfully.
2022-03-10, 17:28:54 | INFO:    Axes was cleared sucesfully.
2022-03-10, 17:28:54 | INFO:    RefreshFunctionList(app): Function list was refreshed successfully.
2022-03-10, 17:28:55 | INFO:    PlotCurrentFunction(app): Current function plotted succesfully.
2022-03-10, 17:29:02 | INFO:    Axes was cleared sucesfully.
2022-03-10, 17:29:02 | INFO:    DeletePushed(app, event): Function Function 3 was deleted successfully.
2022-03-10, 17:32:10 | INFO:    ---[ SESSION ENDED ]---
2022-03-10, 17:32:12 | INFO:    ---[ SESSION STARTED ]---
2022-03-10, 17:32:27 | INFO:    App prompt reset succesfully.
2022-03-10, 17:32:27 | INFO:    Axes was cleared sucesfully.
2022-03-10, 17:32:27 | INFO:    RefreshFunctionList(app): Function database is empty. Nothing to show.
2022-03-10, 17:32:27 | INFO:    PlotCurrentFunction(app): Current function plotted succesfully.
2022-03-10, 17:32:27 | INFO:    ImportDataButtonPushed(app, event): Data imported successfully.
2022-03-10, 17:32:35 | INFO:    SavePushed(app, event): Function Function 1 saved succefully.
2022-03-10, 17:32:35 | INFO:    RefreshFunctionList(app): Function list was refreshed successfully.
2022-03-10, 17:32:40 | INFO:    Axes was cleared sucesfully.
2022-03-10, 17:32:40 | INFO:    NextButtonPushed(app, event): New function initialized seccesfully.
2022-03-10, 17:32:51 | INFO:    App prompt reset succesfully.
2022-03-10, 17:32:51 | INFO:    Axes was cleared sucesfully.
2022-03-10, 17:32:51 | INFO:    RefreshFunctionList(app): Function list was refreshed successfully.
2022-03-10, 17:32:51 | INFO:    PlotCurrentFunction(app): Current function plotted succesfully.
2022-03-10, 17:32:51 | INFO:    ImportDataButtonPushed(app, event): Data imported successfully.
2022-03-10, 17:32:54 | INFO:    App prompt reset succesfully.
2022-03-10, 17:32:54 | INFO:    Axes was cleared sucesfully.
2022-03-10, 17:32:54 | INFO:    RefreshFunctionList(app): Function list was refreshed successfully.
2022-03-10, 17:32:54 | INFO:    PlotCurrentFunction(app): Current function plotted succesfully.
2022-03-10, 17:32:54 | INFO:    DegreeValuePushed(app, event): Regression degree changed to: 2
2022-03-10, 17:32:57 | INFO:    SavePushed(app, event): Function Function 2 saved succefully.
2022-03-10, 17:32:57 | INFO:    RefreshFunctionList(app): Function list was refreshed successfully.
2022-03-10, 17:32:59 | INFO:    Axes was cleared sucesfully.
2022-03-10, 17:32:59 | INFO:    NextButtonPushed(app, event): New function initialized seccesfully.
2022-03-10, 17:33:06 | INFO:    App prompt reset succesfully.
2022-03-10, 17:33:06 | INFO:    Axes was cleared sucesfully.
2022-03-10, 17:33:06 | INFO:    RefreshFunctionList(app): Function list was refreshed successfully.
2022-03-10, 17:33:06 | INFO:    PlotCurrentFunction(app): Current function plotted succesfully.
2022-03-10, 17:33:06 | INFO:    ImportDataButtonPushed(app, event): Data imported successfully.
2022-03-10, 17:33:19 | INFO:    App prompt reset succesfully.
2022-03-10, 17:33:19 | INFO:    Axes was cleared sucesfully.
2022-03-10, 17:33:19 | INFO:    RefreshFunctionList(app): Function list was refreshed successfully.
2022-03-10, 17:33:19 | INFO:    PlotCurrentFunction(app): Current function plotted succesfully.
2022-03-10, 17:33:19 | INFO:    DegreeValuePushed(app, event): Regression degree changed to: 5
2022-03-10, 17:33:22 | INFO:    SavePushed(app, event): Function Function 3 saved succefully.
2022-03-10, 17:33:22 | INFO:    RefreshFunctionList(app): Function list was refreshed successfully.
2022-03-10, 17:33:25 | INFO:    PreviousButtonPushed(app, event): Function Function 2 loaded succesfully.
2022-03-10, 17:33:25 | INFO:    App prompt reset succesfully.
2022-03-10, 17:33:25 | INFO:    Axes was cleared sucesfully.
2022-03-10, 17:33:25 | INFO:    RefreshFunctionList(app): Function list was refreshed successfully.
2022-03-10, 17:33:25 | INFO:    PlotCurrentFunction(app): Current function plotted succesfully.
2022-03-10, 17:33:28 | INFO:    App prompt reset succesfully.
2022-03-10, 17:33:28 | INFO:    Axes was cleared sucesfully.
2022-03-10, 17:33:28 | INFO:    RefreshFunctionList(app): Function list was refreshed successfully.
2022-03-10, 17:33:28 | WARNING: RefreshPointsButton(app, event): Number of points is set to zero - nothing to plot
2022-03-10, 17:33:28 | INFO:    App prompt reset succesfully.
2022-03-10, 17:33:28 | INFO:    Axes was cleared sucesfully.
2022-03-10, 17:33:28 | INFO:    RefreshFunctionList(app): Function list was refreshed successfully.
2022-03-10, 17:33:28 | INFO:    PlotCurrentFunction(app): Current function plotted succesfully.
2022-03-10, 17:33:28 | INFO:    DeletePushed(app, event): Function Function 2 was deleted successfully.
2022-03-10, 17:35:13 | INFO:    ---[ SESSION ENDED ]---
2022-03-10, 17:35:27 | INFO:    ---[ SESSION STARTED ]---
2022-03-10, 17:35:40 | INFO:    App prompt reset succesfully.
2022-03-10, 17:35:40 | INFO:    Axes was cleared sucesfully.
2022-03-10, 17:35:40 | INFO:    RefreshFunctionList(app): Function database is empty. Nothing to show.
2022-03-10, 17:35:40 | INFO:    PlotCurrentFunction(app): Current function plotted succesfully.
2022-03-10, 17:35:40 | INFO:    ImportDataButtonPushed(app, event): Data imported successfully.
2022-03-10, 17:37:18 | INFO:    SavePushed(app, event): Function Function 1 saved succefully.
2022-03-10, 17:37:18 | INFO:    RefreshFunctionList(app): Function list was refreshed successfully.
2022-03-10, 17:37:20 | INFO:    Axes was cleared sucesfully.
2022-03-10, 17:37:20 | INFO:    NextButtonPushed(app, event): New function initialized seccesfully.
2022-03-10, 17:37:38 | INFO:    App prompt reset succesfully.
2022-03-10, 17:37:38 | INFO:    Axes was cleared sucesfully.
2022-03-10, 17:37:38 | INFO:    RefreshFunctionList(app): Function list was refreshed successfully.
2022-03-10, 17:37:38 | INFO:    PlotCurrentFunction(app): Current function plotted succesfully.
2022-03-10, 17:37:38 | INFO:    ImportDataButtonPushed(app, event): Data imported successfully.
2022-03-10, 17:37:42 | INFO:    App prompt reset succesfully.
2022-03-10, 17:37:42 | INFO:    Axes was cleared sucesfully.
2022-03-10, 17:37:42 | INFO:    RefreshFunctionList(app): Function list was refreshed successfully.
2022-03-10, 17:37:42 | INFO:    PlotCurrentFunction(app): Current function plotted succesfully.
2022-03-10, 17:37:42 | INFO:    DegreeValuePushed(app, event): Regression degree changed to: 2
2022-03-10, 17:37:49 | INFO:    SavePushed(app, event): Function Function 2 saved succefully.
2022-03-10, 17:37:49 | INFO:    RefreshFunctionList(app): Function list was refreshed successfully.
2022-03-10, 17:37:54 | INFO:    Axes was cleared sucesfully.
2022-03-10, 17:37:54 | INFO:    NextButtonPushed(app, event): New function initialized seccesfully.
2022-03-10, 17:38:32 | INFO:    App prompt reset succesfully.
2022-03-10, 17:38:32 | INFO:    Axes was cleared sucesfully.
2022-03-10, 17:38:32 | INFO:    RefreshFunctionList(app): Function list was refreshed successfully.
2022-03-10, 17:38:32 | INFO:    PlotCurrentFunction(app): Current function plotted succesfully.
2022-03-10, 17:38:32 | INFO:    ImportDataButtonPushed(app, event): Data imported successfully.
2022-03-10, 17:38:36 | INFO:    App prompt reset succesfully.
2022-03-10, 17:38:36 | INFO:    Axes was cleared sucesfully.
2022-03-10, 17:38:36 | INFO:    RefreshFunctionList(app): Function list was refreshed successfully.
2022-03-10, 17:38:36 | INFO:    PlotCurrentFunction(app): Current function plotted succesfully.
2022-03-10, 17:38:36 | INFO:    DegreeValuePushed(app, event): Regression degree changed to: 5
2022-03-10, 17:38:38 | INFO:    SavePushed(app, event): Function Function 3 saved succefully.
2022-03-10, 17:38:38 | INFO:    RefreshFunctionList(app): Function list was refreshed successfully.
2022-03-10, 17:38:40 | INFO:    PreviousButtonPushed(app, event): Function Function 2 loaded succesfully.
2022-03-10, 17:38:40 | INFO:    App prompt reset succesfully.
2022-03-10, 17:38:40 | INFO:    Axes was cleared sucesfully.
2022-03-10, 17:38:40 | INFO:    RefreshFunctionList(app): Function list was refreshed successfully.
2022-03-10, 17:38:40 | INFO:    PlotCurrentFunction(app): Current function plotted succesfully.
2022-03-10, 17:39:19 | INFO:    ---[ SESSION ENDED ]---
2022-03-10, 17:39:23 | INFO:    ---[ SESSION STARTED ]---
2022-03-10, 17:40:06 | INFO:    App prompt reset succesfully.
2022-03-10, 17:40:06 | INFO:    Axes was cleared sucesfully.
2022-03-10, 17:40:06 | INFO:    RefreshFunctionList(app): Function database is empty. Nothing to show.
2022-03-10, 17:40:06 | INFO:    PlotCurrentFunction(app): Current function plotted succesfully.
2022-03-10, 17:40:06 | INFO:    ImportDataButtonPushed(app, event): Data imported successfully.
2022-03-10, 17:40:09 | INFO:    SavePushed(app, event): Function Function 1 saved succefully.
2022-03-10, 17:40:09 | INFO:    RefreshFunctionList(app): Function list was refreshed successfully.
2022-03-10, 17:40:11 | INFO:    Axes was cleared sucesfully.
2022-03-10, 17:40:11 | INFO:    NextButtonPushed(app, event): New function initialized seccesfully.
2022-03-10, 17:40:22 | INFO:    App prompt reset succesfully.
2022-03-10, 17:40:22 | INFO:    Axes was cleared sucesfully.
2022-03-10, 17:40:22 | INFO:    RefreshFunctionList(app): Function list was refreshed successfully.
2022-03-10, 17:40:22 | INFO:    PlotCurrentFunction(app): Current function plotted succesfully.
2022-03-10, 17:40:22 | INFO:    ImportDataButtonPushed(app, event): Data imported successfully.
2022-03-10, 17:40:26 | INFO:    App prompt reset succesfully.
2022-03-10, 17:40:26 | INFO:    Axes was cleared sucesfully.
2022-03-10, 17:40:26 | INFO:    RefreshFunctionList(app): Function list was refreshed successfully.
2022-03-10, 17:40:26 | INFO:    PlotCurrentFunction(app): Current function plotted succesfully.
2022-03-10, 17:40:26 | INFO:    DegreeValuePushed(app, event): Regression degree changed to: 2
2022-03-10, 17:40:29 | INFO:    SavePushed(app, event): Function Function 2 saved succefully.
2022-03-10, 17:40:29 | INFO:    RefreshFunctionList(app): Function list was refreshed successfully.
2022-03-10, 17:40:44 | INFO:    Axes was cleared sucesfully.
2022-03-10, 17:40:44 | INFO:    NextButtonPushed(app, event): New function initialized seccesfully.
2022-03-10, 17:40:53 | INFO:    App prompt reset succesfully.
2022-03-10, 17:40:53 | INFO:    Axes was cleared sucesfully.
2022-03-10, 17:40:53 | INFO:    RefreshFunctionList(app): Function list was refreshed successfully.
2022-03-10, 17:40:53 | INFO:    PlotCurrentFunction(app): Current function plotted succesfully.
2022-03-10, 17:40:53 | INFO:    ImportDataButtonPushed(app, event): Data imported successfully.
2022-03-10, 17:40:57 | INFO:    App prompt reset succesfully.
2022-03-10, 17:40:57 | INFO:    Axes was cleared sucesfully.
2022-03-10, 17:40:57 | INFO:    RefreshFunctionList(app): Function list was refreshed successfully.
2022-03-10, 17:40:57 | INFO:    PlotCurrentFunction(app): Current function plotted succesfully.
2022-03-10, 17:40:57 | INFO:    DegreeValuePushed(app, event): Regression degree changed to: 5
2022-03-10, 17:41:06 | INFO:    SavePushed(app, event): Function Function 3 saved succefully.
2022-03-10, 17:41:06 | INFO:    RefreshFunctionList(app): Function list was refreshed successfully.
2022-03-10, 17:41:09 | INFO:    PreviousButtonPushed(app, event): Function Function 2 loaded succesfully.
2022-03-10, 17:41:09 | INFO:    App prompt reset succesfully.
2022-03-10, 17:41:09 | INFO:    Axes was cleared sucesfully.
2022-03-10, 17:41:09 | INFO:    RefreshFunctionList(app): Function list was refreshed successfully.
2022-03-10, 17:41:09 | INFO:    PlotCurrentFunction(app): Current function plotted succesfully.
2022-03-10, 17:41:11 | INFO:    Axes was cleared sucesfully.
2022-03-10, 17:41:11 | INFO:    App prompt reset succesfully.
2022-03-10, 17:41:11 | INFO:    Axes was cleared sucesfully.
2022-03-10, 17:41:11 | INFO:    RefreshFunctionList(app): Function list was refreshed successfully.
2022-03-10, 17:41:11 | INFO:    PlotCurrentFunction(app): Current function plotted succesfully.
2022-03-10, 17:41:11 | INFO:    DeletePushed(app, event): Function Function 2 was deleted successfully.
2022-03-10, 17:41:15 | INFO:    Axes was cleared sucesfully.
2022-03-10, 17:41:15 | INFO:    DeletePushed(app, event): Function Function 3 was deleted successfully.
2022-03-10, 17:42:03 | INFO:    ---[ SESSION ENDED ]---
2022-03-10, 17:42:11 | INFO:    ---[ SESSION STARTED ]---
2022-03-10, 17:42:25 | INFO:    App prompt reset succesfully.
2022-03-10, 17:42:25 | INFO:    Axes was cleared sucesfully.
2022-03-10, 17:42:25 | INFO:    RefreshFunctionList(app): Function database is empty. Nothing to show.
2022-03-10, 17:42:25 | INFO:    PlotCurrentFunction(app): Current function plotted succesfully.
2022-03-10, 17:42:25 | INFO:    ImportDataButtonPushed(app, event): Data imported successfully.
2022-03-10, 17:42:31 | INFO:    SavePushed(app, event): Function Function 1 saved succefully.
2022-03-10, 17:42:31 | INFO:    RefreshFunctionList(app): Function list was refreshed successfully.
2022-03-10, 17:42:32 | INFO:    Axes was cleared sucesfully.
2022-03-10, 17:42:32 | INFO:    NextButtonPushed(app, event): New function initialized seccesfully.
2022-03-10, 17:42:42 | INFO:    App prompt reset succesfully.
2022-03-10, 17:42:42 | INFO:    Axes was cleared sucesfully.
2022-03-10, 17:42:42 | INFO:    RefreshFunctionList(app): Function list was refreshed successfully.
2022-03-10, 17:42:42 | INFO:    PlotCurrentFunction(app): Current function plotted succesfully.
2022-03-10, 17:42:42 | INFO:    ImportDataButtonPushed(app, event): Data imported successfully.
2022-03-10, 17:42:45 | INFO:    App prompt reset succesfully.
2022-03-10, 17:42:45 | INFO:    Axes was cleared sucesfully.
2022-03-10, 17:42:45 | INFO:    RefreshFunctionList(app): Function list was refreshed successfully.
2022-03-10, 17:42:45 | INFO:    PlotCurrentFunction(app): Current function plotted succesfully.
2022-03-10, 17:42:45 | INFO:    DegreeValuePushed(app, event): Regression degree changed to: 2
2022-03-10, 17:42:47 | INFO:    SavePushed(app, event): Function Function 2 saved succefully.
2022-03-10, 17:42:47 | INFO:    RefreshFunctionList(app): Function list was refreshed successfully.
2022-03-10, 17:42:48 | INFO:    Axes was cleared sucesfully.
2022-03-10, 17:42:48 | INFO:    NextButtonPushed(app, event): New function initialized seccesfully.
2022-03-10, 17:42:58 | INFO:    App prompt reset succesfully.
2022-03-10, 17:42:58 | INFO:    Axes was cleared sucesfully.
2022-03-10, 17:42:58 | INFO:    RefreshFunctionList(app): Function list was refreshed successfully.
2022-03-10, 17:42:59 | INFO:    PlotCurrentFunction(app): Current function plotted succesfully.
2022-03-10, 17:42:59 | INFO:    ImportDataButtonPushed(app, event): Data imported successfully.
2022-03-10, 17:43:02 | INFO:    App prompt reset succesfully.
2022-03-10, 17:43:02 | INFO:    Axes was cleared sucesfully.
2022-03-10, 17:43:02 | INFO:    RefreshFunctionList(app): Function list was refreshed successfully.
2022-03-10, 17:43:02 | INFO:    PlotCurrentFunction(app): Current function plotted succesfully.
2022-03-10, 17:43:02 | INFO:    DegreeValuePushed(app, event): Regression degree changed to: 5
2022-03-10, 17:43:06 | INFO:    SavePushed(app, event): Function Function 3 saved succefully.
2022-03-10, 17:43:06 | INFO:    RefreshFunctionList(app): Function list was refreshed successfully.
2022-03-10, 17:43:07 | INFO:    PreviousButtonPushed(app, event): Function Function 2 loaded succesfully.
2022-03-10, 17:43:07 | INFO:    App prompt reset succesfully.
2022-03-10, 17:43:07 | INFO:    Axes was cleared sucesfully.
2022-03-10, 17:43:07 | INFO:    RefreshFunctionList(app): Function list was refreshed successfully.
2022-03-10, 17:43:07 | INFO:    PlotCurrentFunction(app): Current function plotted succesfully.
2022-03-10, 17:43:11 | INFO:    Axes was cleared sucesfully.
2022-03-10, 17:43:11 | INFO:    App prompt reset succesfully.
2022-03-10, 17:43:11 | INFO:    Axes was cleared sucesfully.
2022-03-10, 17:43:11 | INFO:    RefreshFunctionList(app): Function list was refreshed successfully.
2022-03-10, 17:43:11 | INFO:    PlotCurrentFunction(app): Current function plotted succesfully.
2022-03-10, 17:43:11 | INFO:    DeletePushed(app, event): Function Function 2 was deleted successfully.
2022-03-10, 17:43:13 | INFO:    Axes was cleared sucesfully.
2022-03-10, 17:43:13 | INFO:    App prompt reset succesfully.
2022-03-10, 17:43:13 | INFO:    Axes was cleared sucesfully.
2022-03-10, 17:43:13 | INFO:    RefreshFunctionList(app): Function list was refreshed successfully.
2022-03-10, 17:43:13 | WARNING: RefreshPointsButton(app, event): Number of points is set to zero - nothing to plot
2022-03-10, 17:43:13 | INFO:    DeletePushed(app, event): Function Function 3 was deleted successfully.
2022-03-10, 17:44:07 | INFO:    PreviousButtonPushed(app, event): Function Function 1 loaded succesfully.
2022-03-10, 17:44:08 | INFO:    App prompt reset succesfully.
2022-03-10, 17:44:08 | INFO:    Axes was cleared sucesfully.
2022-03-10, 17:44:08 | INFO:    RefreshFunctionList(app): Function list was refreshed successfully.
2022-03-10, 17:44:08 | INFO:    PlotCurrentFunction(app): Current function plotted succesfully.
2022-03-10, 17:44:22 | INFO:    ---[ SESSION ENDED ]---
2022-03-10, 20:21:54 | INFO:    ---[ SESSION STARTED ]---
2022-03-10, 20:22:17 | INFO:    App prompt reset succesfully.
2022-03-10, 20:22:17 | INFO:    Axes was cleared sucesfully.
2022-03-10, 20:22:17 | INFO:    RefreshFunctionList(app): Function database is empty. Nothing to show.
2022-03-10, 20:22:17 | INFO:    PlotCurrentFunction(app): Current function plotted succesfully.
2022-03-10, 20:22:17 | INFO:    ImportDataButtonPushed(app, event): Data imported successfully.
2022-03-10, 20:22:21 | INFO:    SavePushed(app, event): Function Function 1 saved succefully.
2022-03-10, 20:22:21 | INFO:    RefreshFunctionList(app): Function list was refreshed successfully.
2022-03-10, 20:22:23 | INFO:    Axes was cleared sucesfully.
2022-03-10, 20:22:23 | INFO:    NextButtonPushed(app, event): New function initialized seccesfully.
2022-03-10, 20:22:32 | INFO:    App prompt reset succesfully.
2022-03-10, 20:22:32 | INFO:    Axes was cleared sucesfully.
2022-03-10, 20:22:32 | INFO:    RefreshFunctionList(app): Function list was refreshed successfully.
2022-03-10, 20:22:32 | INFO:    PlotCurrentFunction(app): Current function plotted succesfully.
2022-03-10, 20:22:32 | INFO:    ImportDataButtonPushed(app, event): Data imported successfully.
2022-03-10, 20:22:39 | INFO:    App prompt reset succesfully.
2022-03-10, 20:22:39 | INFO:    Axes was cleared sucesfully.
2022-03-10, 20:22:39 | INFO:    RefreshFunctionList(app): Function list was refreshed successfully.
2022-03-10, 20:22:39 | INFO:    PlotCurrentFunction(app): Current function plotted succesfully.
2022-03-10, 20:22:39 | INFO:    DegreeValuePushed(app, event): Regression degree changed to: 2
2022-03-10, 20:22:41 | INFO:    SavePushed(app, event): Function Function 2 saved succefully.
2022-03-10, 20:22:41 | INFO:    RefreshFunctionList(app): Function list was refreshed successfully.
2022-03-10, 20:22:42 | INFO:    Axes was cleared sucesfully.
2022-03-10, 20:22:42 | INFO:    NextButtonPushed(app, event): New function initialized seccesfully.
2022-03-10, 20:22:54 | INFO:    App prompt reset succesfully.
2022-03-10, 20:22:54 | INFO:    Axes was cleared sucesfully.
2022-03-10, 20:22:54 | INFO:    RefreshFunctionList(app): Function list was refreshed successfully.
2022-03-10, 20:22:54 | INFO:    PlotCurrentFunction(app): Current function plotted succesfully.
2022-03-10, 20:22:54 | INFO:    ImportDataButtonPushed(app, event): Data imported successfully.
2022-03-10, 20:22:57 | INFO:    App prompt reset succesfully.
2022-03-10, 20:22:57 | INFO:    Axes was cleared sucesfully.
2022-03-10, 20:22:57 | INFO:    RefreshFunctionList(app): Function list was refreshed successfully.
2022-03-10, 20:22:57 | INFO:    PlotCurrentFunction(app): Current function plotted succesfully.
2022-03-10, 20:22:57 | INFO:    DegreeValuePushed(app, event): Regression degree changed to: 2
2022-03-10, 20:23:00 | INFO:    App prompt reset succesfully.
2022-03-10, 20:23:00 | INFO:    Axes was cleared sucesfully.
2022-03-10, 20:23:00 | INFO:    RefreshFunctionList(app): Function list was refreshed successfully.
2022-03-10, 20:23:00 | INFO:    PlotCurrentFunction(app): Current function plotted succesfully.
2022-03-10, 20:23:00 | INFO:    DegreeValuePushed(app, event): Regression degree changed to: 5
2022-03-10, 20:23:03 | INFO:    SavePushed(app, event): Function Function 3 saved succefully.
2022-03-10, 20:23:03 | INFO:    RefreshFunctionList(app): Function list was refreshed successfully.
2022-03-10, 20:23:16 | INFO:    FunctionsButtonGroupSelectionChanged(app, event): Global show functions option has changed to 'show all functions'.
2022-03-10, 20:23:16 | INFO:    App prompt reset succesfully.
2022-03-10, 20:23:16 | INFO:    Axes was cleared sucesfully.
2022-03-10, 20:23:16 | INFO:    RefreshFunctionList(app): Function list was refreshed successfully.
2022-03-10, 20:23:16 | INFO:    PlotCurrentFunction(app): Current function plotted succesfully.
2022-03-10, 20:23:16 | INFO:    PlotData(app): Function Function 1plotted succesfully.
2022-03-10, 20:23:16 | INFO:    PlotData(app): Function Function 2plotted succesfully.
2022-03-10, 20:23:16 | INFO:    PlotData(app): Function Function 3plotted succesfully.
2022-03-10, 20:23:20 | INFO:    ShowSelectionCHanged(app, event): Show option changed to 'show only curve.'
2022-03-10, 20:23:20 | INFO:    App prompt reset succesfully.
2022-03-10, 20:23:20 | INFO:    Axes was cleared sucesfully.
2022-03-10, 20:23:20 | INFO:    RefreshFunctionList(app): Function list was refreshed successfully.
2022-03-10, 20:23:20 | INFO:    PlotCurrentFunction(app): Current function plotted succesfully.
2022-03-10, 20:23:20 | INFO:    PlotData(app): Function Function 1plotted succesfully.
2022-03-10, 20:23:20 | INFO:    PlotData(app): Function Function 2plotted succesfully.
2022-03-10, 20:23:20 | INFO:    PlotData(app): Function Function 3plotted succesfully.
2022-03-10, 20:23:25 | INFO:    ShowSelectionCHanged(app, event): Show option changed to 'show only points.'
2022-03-10, 20:23:25 | INFO:    App prompt reset succesfully.
2022-03-10, 20:23:25 | INFO:    Axes was cleared sucesfully.
2022-03-10, 20:23:25 | INFO:    RefreshFunctionList(app): Function list was refreshed successfully.
2022-03-10, 20:23:25 | INFO:    PlotCurrentFunction(app): Current function plotted succesfully.
2022-03-10, 20:23:25 | INFO:    PlotData(app): Function Function 1plotted succesfully.
2022-03-10, 20:23:25 | INFO:    PlotData(app): Function Function 2plotted succesfully.
2022-03-10, 20:23:25 | INFO:    PlotData(app): Function Function 3plotted succesfully.
2022-03-10, 20:23:27 | INFO:    ShowSelectionCHanged(app, event): Show option changed to 'show only curve.'
2022-03-10, 20:23:27 | INFO:    App prompt reset succesfully.
2022-03-10, 20:23:27 | INFO:    Axes was cleared sucesfully.
2022-03-10, 20:23:27 | INFO:    RefreshFunctionList(app): Function list was refreshed successfully.
2022-03-10, 20:23:27 | INFO:    PlotCurrentFunction(app): Current function plotted succesfully.
2022-03-10, 20:23:27 | INFO:    PlotData(app): Function Function 1plotted succesfully.
2022-03-10, 20:23:27 | INFO:    PlotData(app): Function Function 2plotted succesfully.
2022-03-10, 20:23:27 | INFO:    PlotData(app): Function Function 3plotted succesfully.
2022-03-10, 20:23:30 | INFO:    ShowSelectionCHanged(app, event): Show option changed to 'show curve & points.'
2022-03-10, 20:23:30 | INFO:    App prompt reset succesfully.
2022-03-10, 20:23:30 | INFO:    Axes was cleared sucesfully.
2022-03-10, 20:23:30 | INFO:    RefreshFunctionList(app): Function list was refreshed successfully.
2022-03-10, 20:23:30 | INFO:    PlotCurrentFunction(app): Current function plotted succesfully.
2022-03-10, 20:23:30 | INFO:    PlotData(app): Function Function 1plotted succesfully.
2022-03-10, 20:23:30 | INFO:    PlotData(app): Function Function 2plotted succesfully.
2022-03-10, 20:23:30 | INFO:    PlotData(app): Function Function 3plotted succesfully.
2022-03-10, 20:23:46 | INFO:    PreviousButtonPushed(app, event): Function Function 2 loaded succesfully.
2022-03-10, 20:23:46 | INFO:    App prompt reset succesfully.
2022-03-10, 20:23:46 | INFO:    Axes was cleared sucesfully.
2022-03-10, 20:23:46 | INFO:    RefreshFunctionList(app): Function list was refreshed successfully.
2022-03-10, 20:23:46 | INFO:    PlotCurrentFunction(app): Current function plotted succesfully.
2022-03-10, 20:23:46 | INFO:    PlotData(app): Function Function 1plotted succesfully.
2022-03-10, 20:23:47 | INFO:    PlotData(app): Function Function 2plotted succesfully.
2022-03-10, 20:23:47 | INFO:    PlotData(app): Function Function 3plotted succesfully.
2022-03-10, 20:24:00 | INFO:    Axes was cleared sucesfully.
2022-03-10, 20:24:00 | INFO:    App prompt reset succesfully.
2022-03-10, 20:24:00 | INFO:    Axes was cleared sucesfully.
2022-03-10, 20:24:00 | INFO:    RefreshFunctionList(app): Function list was refreshed successfully.
2022-03-10, 20:24:00 | INFO:    PlotCurrentFunction(app): Current function plotted succesfully.
2022-03-10, 20:24:00 | INFO:    PlotData(app): Function Function 1plotted succesfully.
2022-03-10, 20:24:00 | INFO:    PlotData(app): Function Function 3plotted succesfully.
2022-03-10, 20:24:00 | INFO:    DeletePushed(app, event): Function Function 2 was deleted successfully.
2022-03-10, 20:24:22 | INFO:    ---[ SESSION ENDED ]---
2022-03-10, 22:23:18 | INFO:    ---[ SESSION STARTED ]---
2022-03-10, 22:23:41 | INFO:    App prompt reset succesfully.
2022-03-10, 22:23:41 | INFO:    Axes was cleared sucesfully.
2022-03-10, 22:23:41 | INFO:    RefreshFunctionList(app): Function database is empty. Nothing to show.
2022-03-10, 22:23:41 | INFO:    PlotCurrentFunction(app): Current function plotted succesfully.
2022-03-10, 22:23:41 | INFO:    ImportDataButtonPushed(app, event): Data imported successfully.
2022-03-10, 22:23:45 | INFO:    SavePushed(app, event): Function Function 1 saved succefully.
2022-03-10, 22:23:45 | INFO:    RefreshFunctionList(app): Function list was refreshed successfully.
2022-03-10, 22:23:47 | INFO:    Axes was cleared sucesfully.
2022-03-10, 22:23:47 | INFO:    NextButtonPushed(app, event): New function initialized seccesfully.
2022-03-10, 22:23:58 | INFO:    App prompt reset succesfully.
2022-03-10, 22:23:58 | INFO:    Axes was cleared sucesfully.
2022-03-10, 22:23:58 | INFO:    RefreshFunctionList(app): Function list was refreshed successfully.
2022-03-10, 22:23:58 | INFO:    PlotCurrentFunction(app): Current function plotted succesfully.
2022-03-10, 22:23:58 | INFO:    ImportDataButtonPushed(app, event): Data imported successfully.
2022-03-10, 22:24:05 | INFO:    App prompt reset succesfully.
2022-03-10, 22:24:05 | INFO:    Axes was cleared sucesfully.
2022-03-10, 22:24:05 | INFO:    RefreshFunctionList(app): Function list was refreshed successfully.
2022-03-10, 22:24:05 | INFO:    PlotCurrentFunction(app): Current function plotted succesfully.
2022-03-10, 22:24:05 | INFO:    DegreeValuePushed(app, event): Regression degree changed to: 2
2022-03-10, 22:24:09 | INFO:    SavePushed(app, event): Function New function saved succefully.
2022-03-10, 22:24:09 | INFO:    RefreshFunctionList(app): Function list was refreshed successfully.
2022-03-10, 22:24:14 | INFO:    Axes was cleared sucesfully.
2022-03-10, 22:24:14 | INFO:    NextButtonPushed(app, event): New function initialized seccesfully.
2022-03-10, 22:24:20 | INFO:    App prompt reset succesfully.
2022-03-10, 22:24:21 | INFO:    Axes was cleared sucesfully.
2022-03-10, 22:24:21 | INFO:    RefreshFunctionList(app): Function list was refreshed successfully.
2022-03-10, 22:24:21 | INFO:    PlotCurrentFunction(app): Current function plotted succesfully.
2022-03-10, 22:24:21 | INFO:    ImportDataButtonPushed(app, event): Data imported successfully.
2022-03-10, 22:24:27 | INFO:    App prompt reset succesfully.
2022-03-10, 22:24:27 | INFO:    Axes was cleared sucesfully.
2022-03-10, 22:24:27 | INFO:    RefreshFunctionList(app): Function list was refreshed successfully.
2022-03-10, 22:24:27 | INFO:    PlotCurrentFunction(app): Current function plotted succesfully.
2022-03-10, 22:24:27 | INFO:    DegreeValuePushed(app, event): Regression degree changed to: 5
2022-03-10, 22:24:30 | INFO:    SavePushed(app, event): Function New function saved succefully.
2022-03-10, 22:24:30 | INFO:    RefreshFunctionList(app): Function list was refreshed successfully.
2022-03-10, 22:24:32 | INFO:    Axes was cleared sucesfully.
2022-03-10, 22:24:32 | INFO:    PreviousButtonPushed(app, event): Function New function loaded succesfully.
2022-03-10, 22:24:32 | INFO:    App prompt reset succesfully.
2022-03-10, 22:24:33 | INFO:    Axes was cleared sucesfully.
2022-03-10, 22:24:33 | INFO:    RefreshFunctionList(app): Function list was refreshed successfully.
2022-03-10, 22:24:33 | INFO:    PlotCurrentFunction(app): Current function plotted succesfully.
2022-03-10, 22:24:33 | INFO:    App prompt reset succesfully.
2022-03-10, 22:24:33 | INFO:    Axes was cleared sucesfully.
2022-03-10, 22:24:33 | INFO:    RefreshFunctionList(app): Function list was refreshed successfully.
2022-03-10, 22:24:33 | INFO:    PlotCurrentFunction(app): Current function plotted succesfully.
2022-03-10, 22:24:33 | INFO:    DeletePushed(app, event): Function New function was deleted successfully.
2022-03-10, 22:24:45 | INFO:    Axes was cleared sucesfully.
2022-03-10, 22:24:45 | INFO:    NextButtonPushed(app, event): New function initialized seccesfully.
2022-03-10, 22:24:49 | INFO:    FunctionsButtonGroupSelectionChanged(app, event): Global show functions option has changed to 'show all functions'.
2022-03-10, 22:24:49 | INFO:    App prompt reset succesfully.
2022-03-10, 22:24:49 | INFO:    Axes was cleared sucesfully.
2022-03-10, 22:24:49 | INFO:    RefreshFunctionList(app): Function list was refreshed successfully.
2022-03-10, 22:24:49 | WARNING: RefreshPointsButton(app, event): Number of points is set to zero - nothing to plot
2022-03-10, 22:24:57 | INFO:    App prompt reset succesfully.
2022-03-10, 22:24:57 | INFO:    Axes was cleared sucesfully.
2022-03-10, 22:24:58 | INFO:    RefreshFunctionList(app): Function list was refreshed successfully.
2022-03-10, 22:24:58 | INFO:    PlotCurrentFunction(app): Current function plotted succesfully.
2022-03-10, 22:24:58 | INFO:    PlotData(app): Function Function 1plotted succesfully.
2022-03-10, 22:24:58 | INFO:    PlotData(app): Function New functionplotted succesfully.
2022-03-10, 22:24:58 | INFO:    ImportDataButtonPushed(app, event): Data imported successfully.
2022-03-10, 22:25:03 | INFO:    App prompt reset succesfully.
2022-03-10, 22:25:03 | INFO:    Axes was cleared sucesfully.
2022-03-10, 22:25:03 | INFO:    RefreshFunctionList(app): Function list was refreshed successfully.
2022-03-10, 22:25:03 | INFO:    PlotCurrentFunction(app): Current function plotted succesfully.
2022-03-10, 22:25:03 | INFO:    PlotData(app): Function Function 1plotted succesfully.
2022-03-10, 22:25:03 | INFO:    PlotData(app): Function New functionplotted succesfully.
2022-03-10, 22:25:03 | INFO:    DegreeValuePushed(app, event): Regression degree changed to: 5
2022-03-10, 22:25:06 | INFO:    SavePushed(app, event): Function New function saved succefully.
2022-03-10, 22:25:06 | INFO:    RefreshFunctionList(app): Function list was refreshed successfully.
2022-03-10, 22:25:11 | INFO:    PreviousButtonPushed(app, event): Function New function loaded succesfully.
2022-03-10, 22:25:11 | INFO:    App prompt reset succesfully.
2022-03-10, 22:25:11 | INFO:    Axes was cleared sucesfully.
2022-03-10, 22:25:11 | INFO:    RefreshFunctionList(app): Function list was refreshed successfully.
2022-03-10, 22:25:11 | INFO:    PlotCurrentFunction(app): Current function plotted succesfully.
2022-03-10, 22:25:11 | INFO:    PlotData(app): Function Function 1plotted succesfully.
2022-03-10, 22:25:11 | INFO:    PlotData(app): Function New functionplotted succesfully.
2022-03-10, 22:25:11 | INFO:    PlotData(app): Function New functionplotted succesfully.
2022-03-10, 22:25:22 | INFO:    Axes was cleared sucesfully.
2022-03-10, 22:25:22 | INFO:    App prompt reset succesfully.
2022-03-10, 22:25:22 | INFO:    Axes was cleared sucesfully.
2022-03-10, 22:25:22 | INFO:    RefreshFunctionList(app): Function list was refreshed successfully.
2022-03-10, 22:25:22 | INFO:    PlotCurrentFunction(app): Current function plotted succesfully.
2022-03-10, 22:25:22 | INFO:    PlotData(app): Function Function 1plotted succesfully.
2022-03-10, 22:25:22 | INFO:    PlotData(app): Function New functionplotted succesfully.
2022-03-10, 22:25:22 | INFO:    DeletePushed(app, event): Function New function was deleted successfully.
2022-03-10, 22:25:26 | INFO:    Axes was cleared sucesfully.
2022-03-10, 22:25:26 | INFO:    PreviousButtonPushed(app, event): Function Function 1 loaded succesfully.
2022-03-10, 22:25:26 | INFO:    App prompt reset succesfully.
2022-03-10, 22:25:26 | INFO:    Axes was cleared sucesfully.
2022-03-10, 22:25:26 | INFO:    RefreshFunctionList(app): Function list was refreshed successfully.
2022-03-10, 22:25:26 | INFO:    PlotCurrentFunction(app): Current function plotted succesfully.
2022-03-10, 22:25:26 | INFO:    PlotData(app): Function Function 1plotted succesfully.
2022-03-10, 22:25:26 | INFO:    App prompt reset succesfully.
2022-03-10, 22:25:26 | INFO:    Axes was cleared sucesfully.
2022-03-10, 22:25:26 | INFO:    RefreshFunctionList(app): Function list was refreshed successfully.
2022-03-10, 22:25:26 | INFO:    PlotCurrentFunction(app): Current function plotted succesfully.
2022-03-10, 22:25:26 | INFO:    PlotData(app): Function Function 1plotted succesfully.
2022-03-10, 22:25:26 | INFO:    DeletePushed(app, event): Function New function was deleted successfully.
2022-03-10, 22:25:32 | INFO:    FunctionsButtonGroupSelectionChanged(app, event): Global show functions option has changed to 'show only current function'.
2022-03-10, 22:25:32 | INFO:    App prompt reset succesfully.
2022-03-10, 22:25:32 | INFO:    Axes was cleared sucesfully.
2022-03-10, 22:25:32 | INFO:    RefreshFunctionList(app): Function list was refreshed successfully.
2022-03-10, 22:25:32 | INFO:    PlotCurrentFunction(app): Current function plotted succesfully.
2022-03-10, 22:25:37 | INFO:    Axes was cleared sucesfully.
2022-03-10, 22:25:37 | INFO:    App prompt reset succesfully.
2022-03-10, 22:25:37 | INFO:    Axes was cleared sucesfully.
2022-03-10, 22:25:37 | INFO:    RefreshFunctionList(app): Function database is empty. Nothing to show.
2022-03-10, 22:25:37 | WARNING: RefreshPointsButton(app, event): Number of points is set to zero - nothing to plot
2022-03-10, 22:25:37 | INFO:    DeletePushed(app, event): Function Function 1 was deleted successfully.
2022-03-10, 22:25:58 | INFO:    App prompt reset succesfully.
2022-03-10, 22:25:58 | INFO:    Axes was cleared sucesfully.
2022-03-10, 22:25:59 | INFO:    RefreshFunctionList(app): Function database is empty. Nothing to show.
2022-03-10, 22:25:59 | INFO:    PlotCurrentFunction(app): Current function plotted succesfully.
2022-03-10, 22:25:59 | INFO:    ImportDataButtonPushed(app, event): Data imported successfully.
2022-03-10, 22:26:02 | INFO:    FunctionsButtonGroupSelectionChanged(app, event): Global show functions option has changed to 'show all functions'.
2022-03-10, 22:26:02 | INFO:    App prompt reset succesfully.
2022-03-10, 22:26:02 | INFO:    Axes was cleared sucesfully.
2022-03-10, 22:26:02 | INFO:    RefreshFunctionList(app): Function database is empty. Nothing to show.
2022-03-10, 22:26:02 | INFO:    PlotCurrentFunction(app): Current function plotted succesfully.
2022-03-10, 22:26:13 | INFO:    FunctionsButtonGroupSelectionChanged(app, event): Global show functions option has changed to 'show only current function'.
2022-03-10, 22:26:13 | INFO:    App prompt reset succesfully.
2022-03-10, 22:26:13 | INFO:    Axes was cleared sucesfully.
2022-03-10, 22:26:13 | INFO:    RefreshFunctionList(app): Function database is empty. Nothing to show.
2022-03-10, 22:26:13 | INFO:    PlotCurrentFunction(app): Current function plotted succesfully.
2022-03-10, 22:26:21 | INFO:    App prompt reset succesfully.
2022-03-10, 22:26:22 | INFO:    Axes was cleared sucesfully.
2022-03-10, 22:26:22 | INFO:    RefreshFunctionList(app): Function database is empty. Nothing to show.
2022-03-10, 22:26:22 | INFO:    PlotCurrentFunction(app): Current function plotted succesfully.
2022-03-10, 22:26:24 | WARNING: DeletePush(app, event): Atempt to delete selected function failed due to the current function is unsaved.
2022-03-10, 22:27:28 | INFO:    ---[ SESSION ENDED ]---
2022-03-10, 22:27:58 | INFO:    ---[ SESSION STARTED ]---
2022-03-10, 22:28:15 | INFO:    App prompt reset succesfully.
2022-03-10, 22:28:15 | INFO:    Axes was cleared sucesfully.
2022-03-10, 22:28:15 | INFO:    RefreshFunctionList(app): Function database is empty. Nothing to show.
2022-03-10, 22:28:15 | INFO:    PlotCurrentFunction(app): Current function plotted succesfully.
2022-03-10, 22:28:15 | INFO:    ImportDataButtonPushed(app, event): Data imported successfully.
2022-03-10, 22:28:18 | INFO:    SavePushed(app, event): Function Function 1 saved succefully.
2022-03-10, 22:28:18 | INFO:    RefreshFunctionList(app): Function list was refreshed successfully.
2022-03-10, 22:28:21 | INFO:    Axes was cleared sucesfully.
2022-03-10, 22:28:21 | INFO:    NextButtonPushed(app, event): New function initialized seccesfully.
2022-03-10, 22:28:30 | INFO:    App prompt reset succesfully.
2022-03-10, 22:28:30 | INFO:    Axes was cleared sucesfully.
2022-03-10, 22:28:30 | INFO:    RefreshFunctionList(app): Function list was refreshed successfully.
2022-03-10, 22:28:30 | INFO:    PlotCurrentFunction(app): Current function plotted succesfully.
2022-03-10, 22:28:30 | INFO:    ImportDataButtonPushed(app, event): Data imported successfully.
2022-03-10, 22:28:34 | INFO:    App prompt reset succesfully.
2022-03-10, 22:28:34 | INFO:    Axes was cleared sucesfully.
2022-03-10, 22:28:34 | INFO:    RefreshFunctionList(app): Function list was refreshed successfully.
2022-03-10, 22:28:34 | INFO:    PlotCurrentFunction(app): Current function plotted succesfully.
2022-03-10, 22:28:34 | INFO:    DegreeValuePushed(app, event): Regression degree changed to: 2
2022-03-10, 22:28:38 | INFO:    FunctionsButtonGroupSelectionChanged(app, event): Global show functions option has changed to 'show all functions'.
2022-03-10, 22:28:38 | INFO:    App prompt reset succesfully.
2022-03-10, 22:28:38 | INFO:    Axes was cleared sucesfully.
2022-03-10, 22:28:38 | INFO:    RefreshFunctionList(app): Function list was refreshed successfully.
2022-03-10, 22:28:38 | INFO:    PlotCurrentFunction(app): Current function plotted succesfully.
2022-03-10, 22:28:38 | INFO:    PlotData(app): Function Function 1plotted succesfully.
2022-03-10, 22:28:45 | INFO:    SavePushed(app, event): Function New function saved succefully.
2022-03-10, 22:28:45 | INFO:    RefreshFunctionList(app): Function list was refreshed successfully.
2022-03-10, 22:28:48 | INFO:    Axes was cleared sucesfully.
2022-03-10, 22:28:48 | INFO:    NextButtonPushed(app, event): New function initialized seccesfully.
2022-03-10, 22:28:51 | INFO:    PreviousButtonPushed(app, event): Function New function loaded succesfully.
2022-03-10, 22:28:51 | INFO:    App prompt reset succesfully.
2022-03-10, 22:28:51 | INFO:    Axes was cleared sucesfully.
2022-03-10, 22:28:51 | INFO:    RefreshFunctionList(app): Function list was refreshed successfully.
2022-03-10, 22:28:51 | INFO:    PlotCurrentFunction(app): Current function plotted succesfully.
2022-03-10, 22:28:51 | INFO:    PlotData(app): Function Function 1plotted succesfully.
2022-03-10, 22:28:51 | INFO:    PlotData(app): Function New functionplotted succesfully.
2022-03-10, 22:29:01 | INFO:    SavePushed(app, event): Function Function 2 overwrited succefully.
2022-03-10, 22:29:01 | INFO:    RefreshFunctionList(app): Function list was refreshed successfully.
2022-03-10, 22:29:03 | INFO:    Axes was cleared sucesfully.
2022-03-10, 22:29:03 | INFO:    NextButtonPushed(app, event): New function initialized seccesfully.
2022-03-10, 22:29:08 | INFO:    App prompt reset succesfully.
2022-03-10, 22:29:08 | INFO:    Axes was cleared sucesfully.
2022-03-10, 22:29:08 | INFO:    RefreshFunctionList(app): Function list was refreshed successfully.
2022-03-10, 22:29:08 | INFO:    PlotCurrentFunction(app): Current function plotted succesfully.
2022-03-10, 22:29:09 | INFO:    PlotData(app): Function Function 1plotted succesfully.
2022-03-10, 22:29:09 | INFO:    PlotData(app): Function Function 2plotted succesfully.
2022-03-10, 22:29:09 | INFO:    ImportDataButtonPushed(app, event): Data imported successfully.
2022-03-10, 22:29:18 | INFO:    App prompt reset succesfully.
2022-03-10, 22:29:18 | INFO:    Axes was cleared sucesfully.
2022-03-10, 22:29:18 | INFO:    RefreshFunctionList(app): Function list was refreshed successfully.
2022-03-10, 22:29:18 | INFO:    PlotCurrentFunction(app): Current function plotted succesfully.
2022-03-10, 22:29:18 | INFO:    PlotData(app): Function Function 1plotted succesfully.
2022-03-10, 22:29:18 | INFO:    PlotData(app): Function Function 2plotted succesfully.
2022-03-10, 22:29:18 | INFO:    DegreeValuePushed(app, event): Regression degree changed to: 5
2022-03-10, 22:29:26 | INFO:    SavePushed(app, event): Function Function 3 saved succefully.
2022-03-10, 22:29:26 | INFO:    RefreshFunctionList(app): Function list was refreshed successfully.
2022-03-10, 22:29:30 | INFO:    PreviousButtonPushed(app, event): Function Function 2 loaded succesfully.
2022-03-10, 22:29:30 | INFO:    App prompt reset succesfully.
2022-03-10, 22:29:30 | INFO:    Axes was cleared sucesfully.
2022-03-10, 22:29:30 | INFO:    RefreshFunctionList(app): Function list was refreshed successfully.
2022-03-10, 22:29:30 | INFO:    PlotCurrentFunction(app): Current function plotted succesfully.
2022-03-10, 22:29:30 | INFO:    PlotData(app): Function Function 1plotted succesfully.
2022-03-10, 22:29:30 | INFO:    PlotData(app): Function Function 2plotted succesfully.
2022-03-10, 22:29:30 | INFO:    PlotData(app): Function Function 3plotted succesfully.
2022-03-10, 22:29:34 | INFO:    Axes was cleared sucesfully.
2022-03-10, 22:29:34 | INFO:    App prompt reset succesfully.
2022-03-10, 22:29:34 | INFO:    Axes was cleared sucesfully.
2022-03-10, 22:29:34 | INFO:    RefreshFunctionList(app): Function list was refreshed successfully.
2022-03-10, 22:29:34 | INFO:    PlotCurrentFunction(app): Current function plotted succesfully.
2022-03-10, 22:29:34 | INFO:    PlotData(app): Function Function 1plotted succesfully.
2022-03-10, 22:29:34 | INFO:    PlotData(app): Function Function 3plotted succesfully.
2022-03-10, 22:29:34 | INFO:    DeletePushed(app, event): Function Function 2 was deleted successfully.
2022-03-10, 22:29:38 | INFO:    Axes was cleared sucesfully.
2022-03-10, 22:29:38 | INFO:    NextButtonPushed(app, event): New function initialized seccesfully.
2022-03-10, 22:29:42 | INFO:    PreviousButtonPushed(app, event): Function Function 3 loaded succesfully.
2022-03-10, 22:29:42 | INFO:    App prompt reset succesfully.
2022-03-10, 22:29:42 | INFO:    Axes was cleared sucesfully.
2022-03-10, 22:29:42 | INFO:    RefreshFunctionList(app): Function list was refreshed successfully.
2022-03-10, 22:29:42 | INFO:    PlotCurrentFunction(app): Current function plotted succesfully.
2022-03-10, 22:29:43 | INFO:    PlotData(app): Function Function 1plotted succesfully.
2022-03-10, 22:29:43 | INFO:    PlotData(app): Function Function 3plotted succesfully.
2022-03-10, 22:29:47 | INFO:    PreviousButtonPushed(app, event): Function Function 1 loaded succesfully.
2022-03-10, 22:29:47 | INFO:    App prompt reset succesfully.
2022-03-10, 22:29:47 | INFO:    Axes was cleared sucesfully.
2022-03-10, 22:29:47 | INFO:    RefreshFunctionList(app): Function list was refreshed successfully.
2022-03-10, 22:29:47 | INFO:    PlotCurrentFunction(app): Current function plotted succesfully.
2022-03-10, 22:29:47 | INFO:    PlotData(app): Function Function 1plotted succesfully.
2022-03-10, 22:29:47 | INFO:    PlotData(app): Function Function 3plotted succesfully.
2022-03-10, 22:29:50 | INFO:    Axes was cleared sucesfully.
2022-03-10, 22:29:50 | INFO:    App prompt reset succesfully.
2022-03-10, 22:29:50 | INFO:    Axes was cleared sucesfully.
2022-03-10, 22:29:50 | INFO:    RefreshFunctionList(app): Function list was refreshed successfully.
2022-03-10, 22:29:50 | INFO:    PlotCurrentFunction(app): Current function plotted succesfully.
2022-03-10, 22:29:50 | INFO:    PlotData(app): Function Function 3plotted succesfully.
2022-03-10, 22:29:50 | INFO:    DeletePushed(app, event): Function Function 1 was deleted successfully.
2022-03-10, 22:29:58 | INFO:    Axes was cleared sucesfully.
2022-03-10, 22:29:58 | INFO:    App prompt reset succesfully.
2022-03-10, 22:29:58 | INFO:    Axes was cleared sucesfully.
2022-03-10, 22:29:58 | INFO:    RefreshFunctionList(app): Function database is empty. Nothing to show.
2022-03-10, 22:29:58 | WARNING: RefreshPointsButton(app, event): Number of points is set to zero - nothing to plot
2022-03-10, 22:29:58 | INFO:    DeletePushed(app, event): Function Function 3 was deleted successfully.
2022-03-10, 22:30:24 | INFO:    ---[ SESSION ENDED ]---
2022-03-10, 22:31:57 | INFO:    ---[ SESSION STARTED ]---
2022-03-10, 22:32:13 | INFO:    App prompt reset succesfully.
2022-03-10, 22:32:13 | INFO:    Axes was cleared sucesfully.
2022-03-10, 22:32:13 | INFO:    RefreshFunctionList(app): Function database is empty. Nothing to show.
2022-03-10, 22:32:13 | INFO:    PlotCurrentFunction(app): Current function plotted succesfully.
2022-03-10, 22:32:13 | INFO:    ImportDataButtonPushed(app, event): Data imported successfully.
2022-03-10, 22:32:18 | INFO:    SavePushed(app, event): Function Function 1 saved succefully.
2022-03-10, 22:32:18 | INFO:    RefreshFunctionList(app): Function list was refreshed successfully.
2022-03-10, 22:32:19 | INFO:    Axes was cleared sucesfully.
2022-03-10, 22:32:19 | INFO:    NextButtonPushed(app, event): New function initialized seccesfully.
2022-03-10, 22:32:35 | INFO:    App prompt reset succesfully.
2022-03-10, 22:32:35 | INFO:    Axes was cleared sucesfully.
2022-03-10, 22:32:35 | INFO:    RefreshFunctionList(app): Function list was refreshed successfully.
2022-03-10, 22:32:35 | INFO:    PlotCurrentFunction(app): Current function plotted succesfully.
2022-03-10, 22:32:35 | INFO:    ImportDataButtonPushed(app, event): Data imported successfully.
2022-03-10, 22:32:39 | INFO:    App prompt reset succesfully.
2022-03-10, 22:32:39 | INFO:    Axes was cleared sucesfully.
2022-03-10, 22:32:39 | INFO:    RefreshFunctionList(app): Function list was refreshed successfully.
2022-03-10, 22:32:39 | INFO:    PlotCurrentFunction(app): Current function plotted succesfully.
2022-03-10, 22:32:39 | INFO:    DegreeValuePushed(app, event): Regression degree changed to: 2
2022-03-10, 22:32:41 | INFO:    SavePushed(app, event): Function Function 2 saved succefully.
2022-03-10, 22:32:41 | INFO:    RefreshFunctionList(app): Function list was refreshed successfully.
2022-03-10, 22:32:42 | INFO:    FunctionsButtonGroupSelectionChanged(app, event): Global show functions option has changed to 'show all functions'.
2022-03-10, 22:32:42 | INFO:    App prompt reset succesfully.
2022-03-10, 22:32:42 | INFO:    Axes was cleared sucesfully.
2022-03-10, 22:32:42 | INFO:    RefreshFunctionList(app): Function list was refreshed successfully.
2022-03-10, 22:32:42 | INFO:    PlotCurrentFunction(app): Current function plotted succesfully.
2022-03-10, 22:32:42 | INFO:    PlotData(app): Function Function 1plotted succesfully.
2022-03-10, 22:32:42 | INFO:    PlotData(app): Function Function 2plotted succesfully.
2022-03-10, 22:32:57 | INFO:    Axes was cleared sucesfully.
2022-03-10, 22:32:57 | INFO:    NextButtonPushed(app, event): New function initialized seccesfully.
2022-03-10, 22:33:04 | INFO:    App prompt reset succesfully.
2022-03-10, 22:33:04 | INFO:    Axes was cleared sucesfully.
2022-03-10, 22:33:04 | INFO:    RefreshFunctionList(app): Function list was refreshed successfully.
2022-03-10, 22:33:04 | INFO:    PlotCurrentFunction(app): Current function plotted succesfully.
2022-03-10, 22:33:04 | INFO:    PlotData(app): Function Function 1plotted succesfully.
2022-03-10, 22:33:04 | INFO:    PlotData(app): Function Function 2plotted succesfully.
2022-03-10, 22:33:04 | INFO:    ImportDataButtonPushed(app, event): Data imported successfully.
2022-03-10, 22:33:07 | INFO:    App prompt reset succesfully.
2022-03-10, 22:33:07 | INFO:    Axes was cleared sucesfully.
2022-03-10, 22:33:07 | INFO:    RefreshFunctionList(app): Function list was refreshed successfully.
2022-03-10, 22:33:07 | INFO:    PlotCurrentFunction(app): Current function plotted succesfully.
2022-03-10, 22:33:07 | INFO:    PlotData(app): Function Function 1plotted succesfully.
2022-03-10, 22:33:07 | INFO:    PlotData(app): Function Function 2plotted succesfully.
2022-03-10, 22:33:07 | INFO:    DegreeValuePushed(app, event): Regression degree changed to: 5
2022-03-10, 22:33:16 | INFO:    SavePushed(app, event): Function Function 3 saved succefully.
2022-03-10, 22:33:16 | INFO:    RefreshFunctionList(app): Function list was refreshed successfully.
2022-03-10, 22:33:18 | INFO:    Axes was cleared sucesfully.
2022-03-10, 22:33:18 | INFO:    PreviousButtonPushed(app, event): Function Function 2 loaded succesfully.
2022-03-10, 22:33:18 | INFO:    App prompt reset succesfully.
2022-03-10, 22:33:18 | INFO:    Axes was cleared sucesfully.
2022-03-10, 22:33:18 | INFO:    RefreshFunctionList(app): Function list was refreshed successfully.
2022-03-10, 22:33:18 | INFO:    PlotCurrentFunction(app): Current function plotted succesfully.
2022-03-10, 22:33:18 | INFO:    PlotData(app): Function Function 1plotted succesfully.
2022-03-10, 22:33:18 | INFO:    PlotData(app): Function Function 2plotted succesfully.
2022-03-10, 22:33:18 | INFO:    App prompt reset succesfully.
2022-03-10, 22:33:18 | INFO:    Axes was cleared sucesfully.
2022-03-10, 22:33:18 | INFO:    RefreshFunctionList(app): Function list was refreshed successfully.
2022-03-10, 22:33:18 | INFO:    PlotCurrentFunction(app): Current function plotted succesfully.
2022-03-10, 22:33:18 | INFO:    PlotData(app): Function Function 1plotted succesfully.
2022-03-10, 22:33:18 | INFO:    PlotData(app): Function Function 2plotted succesfully.
2022-03-10, 22:33:18 | INFO:    DeletePushed(app, event): Function Function 3 was deleted successfully.
2022-03-10, 22:33:24 | INFO:    Axes was cleared sucesfully.
2022-03-10, 22:33:24 | INFO:    PreviousButtonPushed(app, event): Function Function 1 loaded succesfully.
2022-03-10, 22:33:24 | INFO:    App prompt reset succesfully.
2022-03-10, 22:33:24 | INFO:    Axes was cleared sucesfully.
2022-03-10, 22:33:24 | INFO:    RefreshFunctionList(app): Function list was refreshed successfully.
2022-03-10, 22:33:24 | INFO:    PlotCurrentFunction(app): Current function plotted succesfully.
2022-03-10, 22:33:25 | INFO:    PlotData(app): Function Function 1plotted succesfully.
2022-03-10, 22:33:25 | INFO:    App prompt reset succesfully.
2022-03-10, 22:33:25 | INFO:    Axes was cleared sucesfully.
2022-03-10, 22:33:25 | INFO:    RefreshFunctionList(app): Function list was refreshed successfully.
2022-03-10, 22:33:25 | INFO:    PlotCurrentFunction(app): Current function plotted succesfully.
2022-03-10, 22:33:25 | INFO:    PlotData(app): Function Function 1plotted succesfully.
2022-03-10, 22:33:25 | INFO:    DeletePushed(app, event): Function Function 2 was deleted successfully.
2022-03-10, 22:33:29 | INFO:    Axes was cleared sucesfully.
2022-03-10, 22:33:29 | INFO:    App prompt reset succesfully.
2022-03-10, 22:33:29 | INFO:    Axes was cleared sucesfully.
2022-03-10, 22:33:29 | INFO:    RefreshFunctionList(app): Function database is empty. Nothing to show.
2022-03-10, 22:33:29 | WARNING: RefreshPointsButton(app, event): Number of points is set to zero - nothing to plot
2022-03-10, 22:58:30 | INFO:    ---[ SESSION STARTED ]---
2022-03-10, 22:58:44 | INFO:    App prompt reset succesfully.
2022-03-10, 22:58:44 | INFO:    Axes was cleared sucesfully.
2022-03-10, 22:58:44 | INFO:    RefreshFunctionList(app): Function database is empty. Nothing to show.
2022-03-10, 22:59:22 | INFO:    ---[ SESSION STARTED ]---
2022-03-10, 22:59:35 | INFO:    App prompt reset succesfully.
2022-03-10, 22:59:35 | INFO:    Axes was cleared sucesfully.
2022-03-10, 22:59:35 | INFO:    RefreshFunctionList(app): Function database is empty. Nothing to show.
2022-03-10, 22:59:35 | INFO:    PlotCurrentFunction(app): Current function plotted succesfully.
2022-03-10, 22:59:35 | INFO:    ImportDataButtonPushed(app, event): Data imported successfully.
2022-03-10, 22:59:37 | INFO:    SavePushed(app, event): Function Function 1 saved succefully.
2022-03-10, 22:59:37 | INFO:    RefreshFunctionList(app): Function list was refreshed successfully.
2022-03-10, 22:59:41 | INFO:    Axes was cleared sucesfully.
2022-03-10, 22:59:41 | INFO:    App prompt reset succesfully.
2022-03-10, 22:59:41 | INFO:    Axes was cleared sucesfully.
2022-03-10, 22:59:41 | INFO:    RefreshFunctionList(app): Function database is empty. Nothing to show.
2022-03-10, 22:59:41 | WARNING: RefreshPointsButton(app, event): Number of points is set to zero - nothing to plot
2022-03-10, 22:59:41 | INFO:    DeletePushed(app, event): Function Function 1 was deleted successfully.
2022-03-10, 22:59:55 | INFO:    ---[ SESSION ENDED ]---
